646158956
85424165
521572543
645559772
646123430
640894099
646020089
646102507
645909688
646158756
646167575
646002967
646037231
644697809
643819246
573435640
345736039
645564136
344601083
337455049
264394656
501977703
640435960
345714879
349441208
335269398
112711154
646152873
645285145
645226264
645574312
646170378
645926338
646350469
646172562
646231283
646295478
645689995
645745426
646381566
643203432
646017370
646121076
645305325
644016837
645250945
644952981
645605214
638470263
640625149
641515692
639584845
641189379
643065047
643553090
644024030
642790375
641744249
644041307
277449146
646027123
646024988
641555469
645636642
645735972
646036903
645509842
641730068
639986548
645315696
645419755
646104151
645593725
645603683
645518626
645502468
645829938
646169558
646086550
645397449
646124417
645937180
646189965
645710685
645741802
645756673
645614426
645489166
645644586
646174470
646336120
646348985
646251937
639549068
646189999
645724172
645117265
645716378
645520546
645621454